<?xml version="1.0" encoding="UTF-8"?>
<!-- Generated by org.testng.reporters.JUnitReportReporter -->
<testsuite hostname="DESKTOP-0BGE448" failures="0" tests="3" name="com.banking.testCases.extentReports" time="19.991" errors="0" timestamp="24 Jan 2022 18:48:33 GMT" skipped="0">
  <testcase classname="com.banking.testCases.extentReports" name="zeroBankingLogoTest" time="6.304"/>
  <testcase classname="com.banking.testCases.extentReports" name="zeroBankingTitleTest" time="6.365"/>
  <testcase classname="com.banking.testCases.extentReports" name="zeroBankingLoginTest" time="7.322"/>
</testsuite> <!-- com.banking.testCases.extentReports -->
