<?xml version="1.0" encoding="UTF-8"?>
<!-- Generated by org.testng.reporters.JUnitReportReporter -->
<testsuite hostname="DESKTOP-0BGE448" failures="0" tests="6" name="com.TestNG.Tests.FlightBookingPriority" time="0.037" errors="0" timestamp="12 Jan 2022 00:23:43 GMT" skipped="0">
  <testcase classname="com.TestNG.Tests.FlightBookingPriority" name="SignUp" time="0.022"/>
  <testcase classname="com.TestNG.Tests.FlightBookingPriority" name="Login" time="0.003"/>
  <testcase classname="com.TestNG.Tests.FlightBookingPriority" name="SearchForTheFlight" time="0.004"/>
  <testcase classname="com.TestNG.Tests.FlightBookingPriority" name="SaveTheTicket" time="0.004"/>
  <testcase classname="com.TestNG.Tests.FlightBookingPriority" name="BookTheFlight" time="0.002"/>
  <testcase classname="com.TestNG.Tests.FlightBookingPriority" name="Logout" time="0.002"/>
</testsuite> <!-- com.TestNG.Tests.FlightBookingPriority -->
