<?xml version="1.0" encoding="UTF-8"?>
<!-- Generated by org.testng.reporters.JUnitReportReporter -->
<testsuite hostname="DESKTOP-0BGE448" failures="0" tests="2" name="com.TestNG.Tests.IndicesDataprovider" time="0.022" errors="0" timestamp="13 Jan 2022 18:07:02 GMT" skipped="0">
  <testcase classname="com.TestNG.Tests.IndicesDataprovider" name="TestLogin" time="0.003"/>
  <testcase classname="com.TestNG.Tests.IndicesDataprovider" name="TestLogin" time="0.019"/>
</testsuite> <!-- com.TestNG.Tests.IndicesDataprovider -->
