<?xml version="1.0" encoding="UTF-8"?>
<!-- Generated by org.testng.reporters.JUnitReportReporter -->
<testsuite hostname="DESKTOP-0BGE448" failures="0" tests="3" name="com.TestNG.Tests.ObjectArray" time="0.025" errors="0" timestamp="13 Jan 2022 17:46:37 GMT" skipped="0">
  <testcase classname="com.TestNG.Tests.ObjectArray" name="TestLogin" time="0.004"/>
  <testcase classname="com.TestNG.Tests.ObjectArray" name="TestLogin" time="0.018"/>
  <testcase classname="com.TestNG.Tests.ObjectArray" name="TestLogin" time="0.003"/>
</testsuite> <!-- com.TestNG.Tests.ObjectArray -->
