<?xml version="1.0" encoding="UTF-8"?>
<!-- Generated by org.testng.reporters.JUnitReportReporter -->
<testsuite hostname="DESKTOP-0BGE448" failures="0" tests="2" name="com.TestNG.Tests.Annotation" time="0.012" errors="0" timestamp="11 Jan 2022 22:07:33 GMT" skipped="0">
  <testcase classname="com.TestNG.Tests.Annotation" name="TestMethod2" time="0.005"/>
  <testcase classname="com.TestNG.Tests.Annotation" name="TestMethod1" time="0.007"/>
</testsuite> <!-- com.TestNG.Tests.Annotation -->
