<?xml version="1.0" encoding="UTF-8"?>
<!-- Generated by org.testng.reporters.JUnitReportReporter -->
<testsuite hostname="DESKTOP-0BGE448" failures="0" tests="1" name="com.TestNG.Tests.FirstTest" time="9.311" errors="0" timestamp="11 Jan 2022 23:48:03 GMT" skipped="0">
  <testcase classname="com.TestNG.Tests.FirstTest" name="TestGoogle" time="9.311"/>
</testsuite> <!-- com.TestNG.Tests.FirstTest -->
