<?xml version="1.0" encoding="UTF-8"?>
<!-- Generated by org.testng.reporters.JUnitReportReporter -->
<testsuite hostname="DESKTOP-0BGE448" failures="0" tests="1" name="itest.xtentReports" time="9.477" errors="0" timestamp="23 Jan 2022 16:11:31 GMT" skipped="0">
  <testcase classname="itest.xtentReports" name="login" time="9.477"/>
</testsuite> <!-- itest.xtentReports -->
