<?xml version="1.0" encoding="UTF-8"?>
<!-- Generated by org.testng.reporters.JUnitReportReporter -->
<testsuite hostname="DESKTOP-0BGE448" failures="0" tests="1" name="Week4.groups" time="0.010" errors="0" timestamp="13 Jan 2022 01:44:40 GMT" skipped="0">
  <testcase classname="Week4.groups" name="test3" time="0.010"/>
</testsuite> <!-- Week4.groups -->
