<?xml version="1.0" encoding="UTF-8"?>
<!-- Generated by org.testng.reporters.JUnitReportReporter -->
<testsuite hostname="DESKTOP-0BGE448" failures="0" tests="2" name="myStoreTest.TestNG004" time="9.377" errors="0" timestamp="14 Jan 2022 15:55:02 GMT" skipped="0">
  <testcase classname="myStoreTest.TestNG004" name="login" time="4.568"/>
  <testcase classname="myStoreTest.TestNG004" name="searchtext" time="4.809"/>
</testsuite> <!-- myStoreTest.TestNG004 -->
