<?xml version="1.0" encoding="UTF-8"?>
<!-- Generated by org.testng.reporters.JUnitReportReporter -->
<testsuite hostname="DESKTOP-0BGE448" failures="0" tests="3" name="myStoreTest.TestNG009" time="13.939" errors="0" timestamp="14 Jan 2022 20:17:41 GMT" skipped="0">
  <testcase classname="myStoreTest.TestNG009" name="enterUrl" time="5.488"/>
  <testcase classname="myStoreTest.TestNG009" name="clickWomen" time="4.066"/>
  <testcase classname="myStoreTest.TestNG009" name="clickTops" time="4.385"/>
</testsuite> <!-- myStoreTest.TestNG009 -->
