<?xml version="1.0" encoding="UTF-8"?>
<!-- Generated by org.testng.reporters.JUnitReportReporter -->
<testsuite hostname="DESKTOP-0BGE448" failures="0" tests="2" name="myStoreTest.TestNG008" time="8.052" errors="0" timestamp="14 Jan 2022 18:18:45 GMT" skipped="0">
  <testcase classname="myStoreTest.TestNG008" name="enterUrl" time="4.762"/>
  <testcase classname="myStoreTest.TestNG008" name="clickWomen" time="3.290"/>
</testsuite> <!-- myStoreTest.TestNG008 -->
