<?xml version="1.0" encoding="UTF-8"?>
<!-- Generated by org.testng.reporters.JUnitReportReporter -->
<testsuite hostname="DESKTOP-0BGE448" failures="0" tests="3" name="myStoreTest.TestNGelementStatusCapture" time="9.757" errors="0" timestamp="15 Jan 2022 02:39:32 GMT" skipped="0">
  <testcase classname="myStoreTest.TestNGelementStatusCapture" name="enterUrl" time="4.481"/>
  <testcase classname="myStoreTest.TestNGelementStatusCapture" name="signIn" time="5.198"/>
  <testcase classname="myStoreTest.TestNGelementStatusCapture" name="registrationform" time="0.078"/>
</testsuite> <!-- myStoreTest.TestNGelementStatusCapture -->
