<?xml version="1.0" encoding="UTF-8"?>
<!-- Generated by org.testng.reporters.JUnitReportReporter -->
<testsuite hostname="DESKTOP-0BGE448" failures="0" tests="2" name="myStoreTest.TC_006" time="8.700" errors="0" timestamp="13 Jan 2022 08:17:30 GMT" skipped="0">
  <testcase classname="myStoreTest.TC_006" name="login" time="4.843"/>
  <testcase classname="myStoreTest.TC_006" name="clickDresses" time="3.857"/>
</testsuite> <!-- myStoreTest.TC_006 -->
