<?xml version="1.0" encoding="UTF-8"?>
<!-- Generated by org.testng.reporters.JUnitReportReporter -->
<testsuite hostname="DESKTOP-0BGE448" failures="0" tests="2" name="myStoreTest.TestNG006" time="8.422" errors="0" timestamp="14 Jan 2022 15:57:01 GMT" skipped="0">
  <testcase classname="myStoreTest.TestNG006" name="login" time="4.443"/>
  <testcase classname="myStoreTest.TestNG006" name="clickDresses" time="3.979"/>
</testsuite> <!-- myStoreTest.TestNG006 -->
