<?xml version="1.0" encoding="UTF-8"?>
<!-- Generated by org.testng.reporters.JUnitReportReporter -->
<testsuite hostname="DESKTOP-0BGE448" failures="0" tests="2" name="myStoreTest.TestNG002" time="5.805" errors="0" timestamp="14 Jan 2022 18:00:31 GMT" skipped="0">
  <testcase classname="myStoreTest.TestNG002" name="login" time="4.300"/>
  <testcase classname="myStoreTest.TestNG002" name="searchtext" time="1.505"/>
</testsuite> <!-- myStoreTest.TestNG002 -->
