<?xml version="1.0" encoding="UTF-8"?>
<!-- Generated by org.testng.reporters.JUnitReportReporter -->
<testsuite hostname="DESKTOP-0BGE448" failures="0" tests="3" name="myStoreTest.TestNG011" time="12.353" errors="0" timestamp="15 Jan 2022 03:37:06 GMT" skipped="0">
  <testcase classname="myStoreTest.TestNG011" name="enterUrl" time="5.513"/>
  <testcase classname="myStoreTest.TestNG011" name="clickWomen" time="3.394"/>
  <testcase classname="myStoreTest.TestNG011" name="clickTops" time="3.446"/>
</testsuite> <!-- myStoreTest.TestNG011 -->
