<?xml version="1.0" encoding="UTF-8"?>
<!-- Generated by org.testng.reporters.JUnitReportReporter -->
<testsuite hostname="DESKTOP-0BGE448" failures="0" tests="2" name="myStoreTest.TestNG007" time="10.799" errors="0" timestamp="14 Jan 2022 17:05:59 GMT" skipped="0">
  <testcase classname="myStoreTest.TestNG007" name="enterUrl" time="5.397"/>
  <testcase classname="myStoreTest.TestNG007" name="clickWomen" time="5.402"/>
</testsuite> <!-- myStoreTest.TestNG007 -->
