<?xml version="1.0" encoding="UTF-8"?>
<!-- Generated by org.testng.reporters.JUnitReportReporter -->
<testsuite hostname="DESKTOP-0BGE448" failures="0" tests="6" name="myStoreTest.TestNG012" time="32.873" errors="0" timestamp="14 Jan 2022 22:51:37 GMT" skipped="0">
  <testcase classname="myStoreTest.TestNG012" name="enterUrl" time="5.112"/>
  <testcase classname="myStoreTest.TestNG012" name="clickWomen" time="3.525"/>
  <testcase classname="myStoreTest.TestNG012" name="clickTops" time="4.322"/>
  <testcase classname="myStoreTest.TestNG012" name="clickBlouses" time="10.426"/>
  <testcase classname="myStoreTest.TestNG012" name="addToCart" time="3.604"/>
  <testcase classname="myStoreTest.TestNG012" name="deleteItemFromCart" time="5.884"/>
</testsuite> <!-- myStoreTest.TestNG012 -->
