<?xml version="1.0" encoding="UTF-8"?>
<!-- Generated by org.testng.reporters.JUnitReportReporter -->
<testsuite hostname="DESKTOP-0BGE448" failures="0" tests="3" name="myStoreTest.TestNG010" time="13.140" errors="0" timestamp="14 Jan 2022 20:18:42 GMT" skipped="0">
  <testcase classname="myStoreTest.TestNG010" name="enterUrl" time="5.002"/>
  <testcase classname="myStoreTest.TestNG010" name="clickWomen" time="4.392"/>
  <testcase classname="myStoreTest.TestNG010" name="clickTops" time="3.746"/>
</testsuite> <!-- myStoreTest.TestNG010 -->
