<?xml version="1.0" encoding="UTF-8"?>
<!-- Generated by org.testng.reporters.JUnitReportReporter -->
<testsuite skipped="0" hostname="DESKTOP-0BGE448" name="seleniumAdv3.Calendar" tests="1" failures="0" timestamp="09 Jan 2022 02:57:03 GMT" time="4.112" errors="0">
  <testcase name="testcase2" time="4.112" classname="seleniumAdv3.Calendar"/>
</testsuite> <!-- seleniumAdv3.Calendar -->
