<?xml version="1.0" encoding="UTF-8"?>
<!-- Generated by org.testng.reporters.JUnitReportReporter -->
<testsuite skipped="0" hostname="DESKTOP-0BGE448" name="seleniumAdv2.DragandDrop" tests="1" failures="0" timestamp="09 Jan 2022 01:34:25 GMT" time="23.949" errors="0">
  <testcase name="testDragAndDrop" time="23.949" classname="seleniumAdv2.DragandDrop"/>
</testsuite> <!-- seleniumAdv2.DragandDrop -->
