<?xml version="1.0" encoding="UTF-8"?>
<!-- Generated by org.testng.reporters.JUnitReportReporter -->
<testsuite skipped="0" hostname="DESKTOP-0BGE448" name="seleniumAdv2.SizeofWindowAndView" tests="1" failures="0" timestamp="09 Jan 2022 02:41:54 GMT" time="14.579" errors="0">
  <testcase name="testJavaScriptExecution" time="14.579" classname="seleniumAdv2.SizeofWindowAndView"/>
</testsuite> <!-- seleniumAdv2.SizeofWindowAndView -->
