<?xml version="1.0" encoding="UTF-8"?>
<!-- Generated by org.testng.reporters.JUnitReportReporter -->
<testsuite skipped="0" hostname="DESKTOP-0BGE448" name="seleniumAdv3.ScreenCaptureWithDynamicFileName" tests="1" failures="0" timestamp="09 Jan 2022 05:56:48 GMT" time="3.542" errors="0">
  <testcase name="testScreenshots" time="3.542" classname="seleniumAdv3.ScreenCaptureWithDynamicFileName"/>
</testsuite> <!-- seleniumAdv3.ScreenCaptureWithDynamicFileName -->
