<?xml version="1.0" encoding="UTF-8"?>
<!-- Generated by org.testng.reporters.JUnitReportReporter -->
<testsuite skipped="0" hostname="DESKTOP-0BGE448" name="seleniumAdv2.HandlingJavaScriptPopup" tests="1" failures="0" timestamp="09 Jan 2022 01:43:09 GMT" time="5.995" errors="0">
  <testcase name="testcase1" time="5.995" classname="seleniumAdv2.HandlingJavaScriptPopup"/>
</testsuite> <!-- seleniumAdv2.HandlingJavaScriptPopup -->
