<?xml version="1.0" encoding="UTF-8"?>
<!-- Generated by org.testng.reporters.JUnitReportReporter -->
<testsuite hostname="DESKTOP-0BGE448" failures="0" tests="1" name="com.banking.testCases.LoginTest_001" time="2.842" errors="0" timestamp="03 Feb 2022 21:30:45 GMT" skipped="0">
  <testcase classname="com.banking.testCases.LoginTest_001" name="loginTest" time="2.842"/>
</testsuite> <!-- com.banking.testCases.LoginTest_001 -->
