<?xml version="1.0" encoding="UTF-8"?>
<!-- Generated by org.testng.reporters.JUnitReportReporter -->
<testsuite hostname="DESKTOP-0BGE448" failures="0" tests="1" name="addPayee.VerifySuccessfulAdditionOfPayee2" time="19.368" errors="0" timestamp="31 Jan 2022 05:29:06 GMT" skipped="0">
  <testcase classname="addPayee.VerifySuccessfulAdditionOfPayee2" name="AddPayee" time="19.368"/>
</testsuite> <!-- addPayee.VerifySuccessfulAdditionOfPayee2 -->
