<?xml version="1.0" encoding="UTF-8"?>
<!-- Generated by org.testng.reporters.JUnitReportReporter -->
<testsuite hostname="DESKTOP-0BGE448" failures="0" tests="1" name="BankingTestCases.AddPayee" time="3.739" errors="0" timestamp="01 Feb 2022 07:55:57 GMT" skipped="0">
  <testcase classname="BankingTestCases.AddPayee" name="addPayee" time="3.739"/>
</testsuite> <!-- BankingTestCases.AddPayee -->
