<?xml version="1.0" encoding="UTF-8"?>
<!-- Generated by org.testng.reporters.JUnitReportReporter -->
<testsuite hostname="DESKTOP-0BGE448" failures="0" tests="1" name="YourStoreTestCases.LoginTest" time="3.691" errors="0" timestamp="07 Feb 2022 17:04:46 GMT" skipped="0">
  <testcase classname="YourStoreTestCases.LoginTest" name="login" time="3.691"/>
</testsuite> <!-- YourStoreTestCases.LoginTest -->
