<?xml version="1.0" encoding="UTF-8"?>
<!-- Generated by org.testng.reporters.JUnitReportReporter -->
<testsuite skipped="0" hostname="DESKTOP-0BGE448" name="YourStoreTestCases.MyAccountTestCase" tests="1" failures="0" timestamp="12 Feb 2022 21:48:33 GMT" time="0.816" errors="0">
  <testcase name="myAccount" time="0.816" classname="YourStoreTestCases.MyAccountTestCase"/>
</testsuite> <!-- YourStoreTestCases.MyAccountTestCase -->
