<?xml version="1.0" encoding="UTF-8"?>
<!-- Generated by org.testng.reporters.JUnitReportReporter -->
<testsuite hostname="DESKTOP-0BGE448" failures="0" tests="4" name="Week4Assignments.windowHandlesTestNG" time="29.833" errors="0" timestamp="14 Jan 2022 06:19:19 GMT" skipped="0">
  <testcase classname="Week4Assignments.windowHandlesTestNG" name="launchBrowser" time="10.130"/>
  <testcase classname="Week4Assignments.windowHandlesTestNG" name="multipleWindow" time="10.613"/>
  <testcase classname="Week4Assignments.windowHandlesTestNG" name="multipleTab" time="8.736"/>
  <testcase classname="Week4Assignments.windowHandlesTestNG" name="closeBrowser" time="0.354"/>
</testsuite> <!-- Week4Assignments.windowHandlesTestNG -->
