<?xml version="1.0" encoding="UTF-8"?>
<!-- Generated by org.testng.reporters.JUnitReportReporter -->
<testsuite hostname="DESKTOP-0BGE448" failures="0" tests="5" name="Week4Assignments.alertsTestNG" time="23.315" errors="0" timestamp="14 Jan 2022 06:35:05 GMT" skipped="0">
  <testcase classname="Week4Assignments.alertsTestNG" name="launchBrowser" time="8.278"/>
  <testcase classname="Week4Assignments.alertsTestNG" name="alertaccept" time="4.502"/>
  <testcase classname="Week4Assignments.alertsTestNG" name="alertdismiss" time="4.154"/>
  <testcase classname="Week4Assignments.alertsTestNG" name="alertTextBox" time="6.159"/>
  <testcase classname="Week4Assignments.alertsTestNG" name="closeBrowser" time="0.222"/>
</testsuite> <!-- Week4Assignments.alertsTestNG -->
