<?xml version="1.0" encoding="UTF-8"?>
<!-- Generated by org.testng.reporters.JUnitReportReporter -->
<testsuite hostname="DESKTOP-0BGE448" failures="0" tests="1" name="Week4Assignments.scrollingTestNG" time="10.652" errors="0" timestamp="14 Jan 2022 02:49:47 GMT" skipped="0">
  <testcase classname="Week4Assignments.scrollingTestNG" name="scrolling" time="10.652"/>
</testsuite> <!-- Week4Assignments.scrollingTestNG -->
