<?xml version="1.0" encoding="UTF-8"?>
<!-- Generated by org.testng.reporters.JUnitReportReporter -->
<testsuite hostname="DESKTOP-0BGE448" failures="0" tests="1" name="Week4Assignments.AutoSuggestionTestNG" time="10.496" errors="0" timestamp="13 Jan 2022 22:43:01 GMT" skipped="0">
  <testcase classname="Week4Assignments.AutoSuggestionTestNG" name="autoSuggestion" time="10.496"/>
</testsuite> <!-- Week4Assignments.AutoSuggestionTestNG -->
