<?xml version="1.0" encoding="UTF-8"?>
<!-- Generated by org.testng.reporters.JUnitReportReporter -->
<testsuite hostname="DESKTOP-0BGE448" failures="0" tests="2" name="Week4Assignments.sliderTestNG" time="18.594" errors="0" timestamp="14 Jan 2022 05:26:57 GMT" skipped="0">
  <testcase classname="Week4Assignments.sliderTestNG" name="slider2" time="8.270"/>
  <testcase classname="Week4Assignments.sliderTestNG" name="sliderInFrame" time="10.324"/>
</testsuite> <!-- Week4Assignments.sliderTestNG -->
