<?xml version="1.0" encoding="UTF-8"?>
<!-- Generated by org.testng.reporters.JUnitReportReporter -->
<testsuite hostname="DESKTOP-0BGE448" failures="0" tests="2" name="Week4Assignments.resizingTestNG" time="20.097" errors="0" timestamp="14 Jan 2022 02:19:58 GMT" skipped="0">
  <testcase classname="Week4Assignments.resizingTestNG" name="resizable1" time="8.664"/>
  <testcase classname="Week4Assignments.resizingTestNG" name="resizable2" time="11.433"/>
</testsuite> <!-- Week4Assignments.resizingTestNG -->
