<?xml version="1.0" encoding="UTF-8"?>
<!-- Generated by org.testng.reporters.JUnitReportReporter -->
<testsuite hostname="DESKTOP-0BGE448" failures="0" tests="3" name="Week4Assignments.mouseActionsTestNG" time="26.262" errors="0" timestamp="14 Jan 2022 00:49:05 GMT" skipped="0">
  <testcase classname="Week4Assignments.mouseActionsTestNG" name="doubleClick" time="7.235"/>
  <testcase classname="Week4Assignments.mouseActionsTestNG" name="rightClick" time="9.536"/>
  <testcase classname="Week4Assignments.mouseActionsTestNG" name="dragAndDrop" time="9.491"/>
</testsuite> <!-- Week4Assignments.mouseActionsTestNG -->
