<?xml version="1.0" encoding="UTF-8"?>
<!-- Generated by org.testng.reporters.JUnitReportReporter -->
<testsuite hostname="DESKTOP-0BGE448" failures="0" tests="4" name="com.TestNG.Tests.DavaProviderReturnDatatype" time="0.024" errors="0" timestamp="12 Jan 2022 02:56:04 GMT" skipped="0">
  <testcase classname="com.TestNG.Tests.DavaProviderReturnDatatype" name="TestLogin" time="0.006"/>
  <testcase classname="com.TestNG.Tests.DavaProviderReturnDatatype" name="TestLogin" time="0.016"/>
  <testcase classname="com.TestNG.Tests.DavaProviderReturnDatatype" name="TestLogin" time="0.001"/>
  <testcase classname="com.TestNG.Tests.DavaProviderReturnDatatype" name="TestLogin" time="0.001"/>
</testsuite> <!-- com.TestNG.Tests.DavaProviderReturnDatatype -->
