<?xml version="1.0" encoding="UTF-8"?>
<!-- Generated by org.testng.reporters.JUnitReportReporter -->
<testsuite skipped="0" hostname="DESKTOP-0BGE448" name="BankingTestCases.AddPayee2" tests="2" failures="0" timestamp="31 Jan 2022 02:01:25 GMT" time="4.447" errors="0">
  <testcase name="login" time="2.711" classname="BankingTestCases.AddPayee2"/>
  <testcase name="addPayee" time="1.736" classname="BankingTestCases.AddPayee2"/>
</testsuite> <!-- BankingTestCases.AddPayee2 -->
