<?xml version="1.0" encoding="UTF-8"?>
<!-- Generated by org.testng.reporters.JUnitReportReporter -->
<testsuite skipped="0" hostname="DESKTOP-0BGE448" name="TestNG.TC_2" tests="1" failures="0" timestamp="03 Feb 2022 19:50:42 GMT" time="19.561" errors="0">
  <testcase name="AddPayee" time="19.561" classname="TestNG.TC_2"/>
</testsuite> <!-- TestNG.TC_2 -->
