<?xml version="1.0" encoding="UTF-8"?>
<!-- Generated by org.testng.reporters.JUnitReportReporter -->
<testsuite skipped="0" hostname="DESKTOP-0BGE448" name="TestNG.TC_001" tests="1" failures="0" timestamp="04 Feb 2022 04:35:59 GMT" time="20.777" errors="0">
  <testcase name="AddPayee" time="20.777" classname="TestNG.TC_001"/>
</testsuite> <!-- TestNG.TC_001 -->
