<?xml version="1.0" encoding="UTF-8"?>
<!-- Generated by org.testng.reporters.JUnitReportReporter -->
<testsuite skipped="0" hostname="DESKTOP-0BGE448" name="TestNG.TC_001" tests="1" failures="0" timestamp="31 Jan 2022 18:31:25 GMT" time="21.015" errors="0">
  <testcase name="AddPayee" time="21.015" classname="TestNG.TC_001"/>
</testsuite> <!-- TestNG.TC_001 -->
