<?xml version="1.0" encoding="UTF-8"?>
<!-- Generated by org.testng.reporters.JUnitReportReporter -->
<testsuite hostname="DESKTOP-0BGE448" failures="0" tests="1" name="Week4.NewTest" time="7.536" errors="0" timestamp="11 Jan 2022 04:30:43 GMT" skipped="0">
  <testcase classname="Week4.NewTest" name="verifyLogin" time="7.536"/>
</testsuite> <!-- Week4.NewTest -->
